
ROM used:   114810/131072 (88%)
            130720/131072 (100%) including unused fragments

            6.5 Average locations per line
            17.4 Average locations per statement

RAM used:   2148/3862 (56%) at main() level
            2649/3862 (69%) worst case

Stack used: 20 worst case (16 in main + 4 for interrupts)
Stack size: 31

Lines Stmts  %   Files
----- ----- ---  -----
  521   209   3  main.c
 1287     0   0  ..\..\..\..\..\..\..\Program Files (x86)\PICC\Devices\18F87K22.h
   39     0   0  includes.h
  225    75   1  firmware.c
  286     0   0  define.h
  124     0   0  global.h
   59    24   0  heartbeat.c
  435     0   0  ..\..\..\..\..\..\..\Program Files (x86)\PICC\Drivers\string.h
   32     0   0  ..\..\..\..\..\..\..\Program Files (x86)\PICC\Drivers\stddef.h
   28     0   0  ..\..\..\..\..\..\..\Program Files (x86)\PICC\Drivers\ctype.h
 1352   359   5  ..\..\..\..\..\..\..\Program Files (x86)\PICC\Drivers\stdlib.h
 2227   258   4  ..\..\..\..\..\..\..\Program Files (x86)\PICC\Drivers\math.h
   70    32   0  25LC512_wdt.c
  136    51   1  eeprom.c
   73    30   0  messages.c
  231    86   1  sd_min.c
 2158   776  12  ff_min.h
  974   392   6  media_io.h
  575   326   5  rtc.c
   52    23   0  max525.c
   25    10   0  adc.c
  143    50   1  interrupts.c
  202    93   1  serial.c
  107    67   1  init_hw.c
   82    39   1  util.c
 1375   769  12  stepper.c
   42    25   0  h-bridge.c
  151    81   1  sleep.c
   71    51   1  reset.c
   80     0   0  memory.c
   77    52   1  init_vars.c
  560   328   5  detector.c
  148    77   1  colorimeter.c
  185   149   2  aws.c
  453   262   4  data.c
   37     0   0  command.h
 1042   606   9  macros.c
  169   112   2  macro_wms.c
   54    26   0  macro_aws.c
  257   160   2  auto.c
 1493   997  15  command.c
----- -----
17637  6595 Total

Page ROM  %  RAM    Vol Diff  Functions:
---- --- --- ---    --- ----  ----------
0     42   0    1             @delay_ms1
0      8   0    0             @PUTCHARI_BIU_1
0     22   0    0             @GETCH_BIU_1
1     14   0    0             @PUTCHARI_BIU_2
1     26   0    0             @GETCH_BIU_2
1      8   0    0   2539  8.8  @17@PUTCHARI_BIU_3
1    102   0    5    382  7.5  atoi_b16
1    144   0    6    348  8.6  ldr_strncmp
1    918   1  115   3405 12.4  real_load_program
1      4   0    0   2539  8.8  @const861
1     42   0    3   2539  8.8  @17@PSTRINGC_19200_31766_31767
1      4   0    0   2539  8.8  @const866
1     16   0    0   2539  8.8  @const867
1     50   0    4   2539  8.8  @17@PSTRINGCN_19200_31766_31767
1     70   0    2   2539  8.8  @17@PRINTF_X_19200_31766_31767
1     44   0    3   2539  8.8  @17@DIV88
1    126   0    2   2539  8.8  @17@PRINTF_U_19200_31766_31767
1     32   0    0   2539  8.8  @17@FLASHWR
1     64   0    7   2539  8.8  @17@WRITE_PROGRAM_MEMORY
1     30   0    7   2539  8.8  @17@READ_PROGRAM_MEMORY
1      6   0    0   2539  8.8  @const888
1      6   0    0   2539  8.8  @const889
1     10   0    0   2539  8.8  @const890
1     10   0    0   2539  8.8  @const891
1      4   0    0     36  0.1  load_program
0      6   0    0     27  0.9  suspend_heartbeat
0     26   0    0    115  2.1  setup_led_pulse
0     18   0    0     74  1.2  restart_heartbeat
0     24   0    1     96  2.7  heartbeat
0      6   0    0     32  1.0  kill_wd
0     16   0    0    148  1.4  start_heartbeat
0    142   0   11    333  7.3  strncpy
0    118   0    9    290  6.0  strcat
1    132   0   11    367  7.8  strncat
0    132   0   11    369  8.0  memcmp
1     60   0    5    140  5.0  strlen
1     86   0    6   2539  8.8  @MULS1616
0    246   0   11   2539  8.8  @MULFF
0     54   0    2             @ITOF
0    632   1   16   2539  8.8  @ADDFF
0    382   0   19   2539  8.8  @DIVFF
1    484   0   11   1817 10.4  atol
0    662   1   16   1882 11.0  atoi32
0    102   0   14             @MUL3232
0    604   1   19   1549 12.4  strtof
0     70   0    5   2539  8.8  @DIV1616
0     34   0    5             @MUL1616
1    880   1   20   1121 10.1  CEIL_FLOOR
1    122   0   10   2539  8.8  @FLT
1     60   0    4   2539  8.8  @SFTOI
1     28   0    4     43  2.1  floor
1     30   0    4     44  1.9  ceil
1    360   0   16    259  6.9  fmod
1     80   0    2             @SITOF
1    916   1   25    979 10.0  log
1    108   0    8    102  2.8  log10
1     16   0    0     82  1.6  init_ext_eeprom
1     40   0    1    151  3.1  ext_eeprom_ready
1     96   0    5    307  3.3  write_ext_eeprom
1     90   0    5    270  3.7  read_ext_eeprom
0     48   0    2     45  2.0  write8
0     38   0    3     74  2.3  read8
0    102   0    7    187  5.5  write16
0     90   0    8    221  5.5  read16
0    110   0   11    189  5.2  write_float
0    110   0   12    223  5.2  read_float
1     76   0    9    187  5.5  write16_ext_eeprom
1     92   0    9    221  5.5  read16_ext_eeprom
0      8   0    0             @const1461
0     32   0    1             @SPRINTF
0     42   0    3   2539  8.8  @PSTRINGC_19200_31766_31767
0      8   0    0   2539  8.8  @const1466
0     30   0    0             @const1467
0     70   0    2   2539  8.8  @PRINTF_X_19200_31766_31767
0     50   0    4             @PSTRINGCN_19200_31766_31767
0      8   0    0             @const1474
1     54   0    0    212  2.7  blip
0    458   0    0    365  4.0  signon
0     12   0    0   2539  8.8  @const1477
0      8   0    0             @const1478
0     14   0    0   2539  8.8  @const1479
0      8   0    0             @const1480
0     12   0    0   2539  8.8  @const1481
0      8   0    0             @const1482
0     14   0    0   2539  8.8  @const1483
0      8   0    0             @const1484
0     12   0    0             @const1485
0      8   0    0   2539  8.8  @const1486
1     32   0    0     25  1.2  cmd_inv
0      8   0    0   2539  8.8  @const1488
0     30   0    0     25  1.2  cmd_arg
0      8   0    0   2539  8.8  @const1490
0     30   0    0     25  1.2  cmd_err
0      8   0    0   2539  8.8  @const1492
0      8   0    0   2539  8.8  @const1494
0      8   0    0             @const1496
0     32   0    0     25  1.2  msg_card_ok
0      8   0    0             @const1498
0     30   0    0     25  1.2  msg_card_fail
0      8   0    0             @const1500
1     30   0    0     25  1.2  msg_max
0      8   0    0             @const1502
0     66   0    0     88  2.0  msg_busy
0      8   0    0             @const1504
0      8   0    0             @const1505
0    208   0   11    634  8.3  SD_cmd
0     74   0    4    167  4.0  SD_set_BLOCKLEN
0    174   0   11    613  7.8  SD_receive_data
0     68   0    3    223  4.5  wait_ready
0    180   0    7    541  7.5  SD_write_data
0    324   0    8   1053 10.8  disk_write
0    320   0    7   1131  9.6  disk_read
0     14   0    0     65  2.3  disk_status
0   3422   3   11   8653 16.4  disk_initialize
0     16   0    0             @const1575
0     56   0    0             @const1576
0     34   0    0             @const1578
0     42   0    0             @const1579
0     34   0    0             @const1580
0     50   0    0             @const1581
0     38   0    0             @const1582
0     46   0    0             @const1583
0     56   0    0             @const1584
0    180   0    9             @PRINTF_LU_19200_31766_31767
0     30   0    0             @const1587
0     62   0    0             @const1588
0     50   0    0   2539  8.8  @const1589
0     64   0    0             @const1590
0     36   0    0             @const1591
0     60   0    0             @const1592
0     74   0    0             @const1593
0     76   0    0             @const1594
0     60   0    0             @const1595
0     94   0    0             @const1596
0     28   0    0             @const1597
0     64   0    0             @const1598
0     32   0    0             @const1599
0     22   0    0             @const1600
0     22   0    0             @const1601
0     22   0    0             @const1602
0     22   0    0             @const1603
0     46   0    0             @const1604
0     52   0    0             @const1605
0     32   0    0             @const1606
0     58   0    0             @const1607
0     44   0    0             @const1608
0    534   1   14    862  7.9  move_window
0    846   1   22   1372 14.6  get_cluster
0    922   1   26   1845 14.1  put_cluster
0    162   0    8    211  4.8  remove_chain
0    664   1   22   1010  8.9  create_chain
0    218   0    8    139  4.3  clust2sect
0    352   0    6    837  6.6  check_fs
0     26   0    0             @MEMSET
0    474   0   12    727  9.1  next_dir_ptr
0    350   0   13   2216 13.3  make_dirfile
0   1000   1   21   2365 14.1  trace_path
0    842   1   20   1458 10.1  reserve_direntry
0     98   0    1    225  3.9  check_mounted
0    430   0    5    932  4.7  f_get_error_mesg
0     30   0    0             @const1779
0     38   0    0             @const1780
0     36   0    0             @const1781
0     36   0    0             @const1782
0     36   0    0             @const1783
0     34   0    0             @const1784
0     32   0    0             @const1785
0     30   0    0             @const1786
0     44   0    0             @const1787
0     36   0    0             @const1788
0     36   0    0             @const1789
0     34   0    0             @const1790
0     34   0    0             @const1791
0   1438   1   22   2621  9.8  f_mountdrv
0     18   0    0             @const1796
0    148   0   13             @DIV3232
0   1096   1   45   3645 12.9  f_open
0   1294   1   31   2600 15.9  f_read
0   1744   2   27   3251 16.0  f_write
0    872   1   23   1174 12.2  f_lseek
0    482   0   11   1002  8.4  f_sync
0     76   0    5    196  4.3  f_close
0    680   1   46   2027 11.7  f_unlink
0     62   0    5    129  4.6  strlen16
0     30   0    0    255  2.3  init_rtc
0    368   0    9    489  6.1  get_fattime
0    378   0   68    826  9.7  file_list
0     22   0    0             @const1876
0     10   0    0             @const1877
0     38   0    2             @PSTRINGR_19200_31766_31767
0     10   0    0             @const1880
0    480   0    1    685  2.4  display_file_result
0     16   0    0             @const1883
0     14   0    0             @const1884
0     22   0    0             @const1885
0     20   0    0             @const1886
0     18   0    0             @const1887
0     18   0    0             @const1888
0     20   0    0             @const1889
0     16   0    0             @const1890
0     22   0    0             @const1891
0     28   0    0             @const1892
0     22   0    0             @const1893
0     18   0    0             @const1894
0     20   0    0             @const1895
0    482   0  195   1054  8.3  append_data
0     32   0    0             @const1901
0     20   0    0             @const1902
0     20   0    0             @const1903
0     14   0    0             @const1904
1     62   0    4    160  5.0  Dec2Bcd
0     44   0    3             @DIV88
0     50   0    3    160  4.2  Bcd2Dec
0     86   0    1    406  3.3  RTC_reset_HT
0    394   0    0    472  3.3  RTC_display
0     12   0    0             @const1946
0    126   0    2             @PRINTF_U_19200_31766_31767
0     12   0    0             @const1951
0    206   0    1    743  2.9  RTC_read
0     60   0    1    262  2.8  RTC_read_flags
0    378   0    0    428  2.8  RTC_display_alarm
0     12   0    0             @const1962
0     12   0    0             @const1964
0    214   0    1    835  3.4  RTC_read_alarm
1    954   1   18   2993 10.4  get_time
1    330   0    3   1446  4.0  RTC_Set
1    334   0    3   1427  4.0  RTC_alarm
1    176   0    1    868  2.9  RTC_minute
1     88   0    1    404  2.8  RTC_set_AFE
0    112   0    0    323  2.3  RTC_last_power
1   1222   1   49   1555  7.1  RTC_late
1     34   0    1     49  1.9  RTC_alarm_status
0      8   0    0   1555  7.1  @const2001
0    128   0    7    869  6.1  DAC_set
0     40   0    0             @goto34195
0    522   1   77    821  5.5  ADC_average
0     36   0    0    172  3.9  rtc_wakeup_isr
0     96   0    1    497  5.5  RDA_isr
0      8   0    0    172  3.9  @const2018
0      8   0    0    497  5.5  @const2019
0      8   0    0     50  1.5  busy_clear
0     10   0    0     50  1.5  busy_set
0     42   0    0    197  2.3  timer0_isr
0     22   0    0     74  2.0  timer1_isr
1    106   0    5    272  5.5  timed_getc_A
0     90   0    5    190  4.4  TestForEsc
0     20   0    0     67  1.2  multidrop_on
0     34   0    3    123  3.0  multidrop_off
1     10   0    0     48  1.1  multidrop_shdn
1    266   0   86    964  7.0  open_pipe
0      8   0    0     48  1.1  @const2045
0     16   0    0    964  7.0  @const2046
0      8   0    0             @const2047
0    130   0    7    579  9.7  get_string
0     70   0   24    140  3.7  get_float
0     94   0    0    767  1.9  init_hardware
1    106   0    0    669  2.4  shutdown
0     10   0    0    767  1.9  @const2058
0     70   0    1    216  5.3  init_sdcard
0     76   0    1    317  4.7  blink
0    388   0   15    577  6.2  read_supply
0     22   0    0     48  2.1  clear_time_stmp_str
1     24   0    0     48  2.1  clear_proc_time_stmp_str
0    196   0    2    163  2.2  time_stamp
0    154   0    2    163  2.2  @PRINTF_U_1462
0    256   0   13             @PRINTF_L32U_1462FP
0    132   0    2    300  0.7  record_event
0     22   0    0             @const2080
0     60   0    0     69  1.6  setup_stepper_pwm
0    118   0    0     63  1.8  msg_mer
0     16   0    0     69  1.6  @const2120
0    928   1    2   3555  3.5  get_step_vars
1    746   1    0   1915  2.0  rst_step_vars_eco
1    684   1    0   1712  2.0  rst_step_vars_wms4
1    666   1    0   1662  2.0  rst_step_vars_aws
1    688   1    0   1712  2.0  rst_step_vars_wms2
0     40   0    0    536  1.9  motor_sleep_rdy
0   1168   1    9   1282  6.8  update_e_pos
0     24   0    0    536  1.9  @const2128
0    188   0   12   1282  6.8  @PRINTF_L32U_19200_31766_31767
0    306   0    3    505  5.7  poll_index
0    306   0    3    505  5.7  poll_index_isr
0    118   0    0    399  5.1  int1_isr
0    118   0    0    399  5.1  int2_isr
0    342   0    2    472  5.2  timer3_isr
0    274   0    3    356  4.2  motor_setup1
0    276   0    3    356  4.2  motor_setup2
0     20   0    1    154  2.6  enc_pwr
0    176   0    4    780  5.8  enable_enc_isr
0    100   0    2    143  3.8  wrt_m_error
0    200   0    3    467  5.2  enc_isr
0    352   0    4    485  5.7  motor_init
0    158   0    3    511  4.7  start_motor
0    530   1   28    531  6.4  abs_enc_pos
0    440   0    6    598  5.4  rel_enc_pos
0   1172   1    5   2559  7.8  terminate
0     16   0    0    598  5.4  @const2160
0    236   0    9   2559  7.8  @PRINTF_LD_19200_31766_31767
0   1650   2   25   1718  8.6  end_move
0     30   0    0             @const2169
0    300   0   12   1718  8.6  @PRINTF_L32D_19200_31766_31767
0    168   0    3    456  4.7  start_and_end_ports
0   2528   3   20   4058 11.6  move_motor
0     42   0    0    456  4.7  @goto35542
0     22   0    0   4058 11.6  @const2184
1    186   0    5    463  8.0  command_move
1    262   0    2    530  5.5  poll_enc
0     18   0    0    463  8.0  @const2192
0    420   0    9    718  3.9  align
0     74   0    5    116  3.0  cal_disk
0    116   0    0    299  4.0  recovery
0     54   0    0    116  3.0  @const2201
0     26   0    0    163  1.8  HB_all_OFF
0     26   0    0    163  1.8  HB_m1_ON
0     26   0    0    163  1.8  HB_m2_ON
0     32   0    1    133  2.9  h_bridge
1     84   0    3    418  5.8  serial_wakeup
1     18   0    0    188  2.3  set_usart_int
1     32   0    0    132  1.7  initilizeSleepState
1    234   0    1    795  5.7  wakeup
0     34   0    0    132  1.7  @const2216
0     40   0    3    726  5.2  @PSTRINGC_1462
0      8   0    0             @const2218
1     22   0    0    132  3.3  go_to_sleep
0    550   1    0   1446  2.6  reset_event
0      8   0    0   1446  2.6  @const2221
0     30   0    0   1446  2.6  @const2222
0      8   0    0             @const2223
0     32   0    0             @const2224
0      8   0    0             @const2225
0     42   0    0             @const2226
0     50   0    4             @PSTRINGCN_1462
0    200   0    9             @PRINTF_LU_1462
0      8   0    0             @const2231
0     36   0    0             @const2232
0      8   0    0             @const2233
0     28   0    0             @const2234
0      8   0    0             @const2235
0     34   0    0             @const2236
0      8   0    0             @const2237
0     36   0    0             @const2238
0     64   0    0             @goto36019
0    540   1    0   1010  1.9  init_nv_vars
0    488   0    0    991  3.4  reset_nv_vars
1     22   0    0     48  2.1  clear_slave_reply
0     24   0    0     48  2.1  clear_flag_str
1    112   0    4    393  6.1  parse_string
1    208   0    4    321  4.1  load_parsed_data
0     22   0    0    321  4.1  @const2249
0     58   0    1    321  4.1  @STRFINDINLIST
1    130   0    6    431  5.3  parse_data
0     20   0    0     48  2.1  clear_data_buffer
0   1288   1   15   3870  7.5  decode_flag
0     24   0    0   3870  7.5  @const2261
0     24   0    0             @const2263
0     24   0    0             @const2264
0     24   0    0             @const2265
0     24   0    0             @const2266
0     24   0    0             @const2267
0     24   0    0             @const2268
0     24   0    0             @const2269
0     24   0    0             @const2270
0     24   0    0             @const2272
0     24   0    0             @const2273
0     24   0    0             @const2274
0     24   0    0             @const2275
0     24   0    0             @const2276
0     24   0    0             @const2277
0     24   0    0             @const2278
0     24   0    0             @const2279
0     24   0    0             @const2281
0     24   0    0             @const2282
0     24   0    0             @const2283
0     24   0    0             @const2284
0     24   0    0             @const2285
0     24   0    0             @const2286
0     24   0    0             @const2287
0     24   0    0             @const2288
0     24   0    0             @const2289
0     24   0    0             @const2290
0    320   0    0    282  3.0  det_cmd
0     24   0    0    282  3.0  @const2295
0    164   0    2             @PRINTF_U_9600_31793_31794
0    224   0   12             @PRINTF_L32U_9600_31793_31794
1    240   0   12    908  8.7  get_slave_data
0    158   0    2    424  4.7  display_rec
1    968   1   35   2516 12.0  det_read
0     10   0    0             @const2325
0     16   0    0             @const2326
0     16   0    0             @const2327
1     40   0    0             @goto36529
0     22   0    0             @const2329
0     38   0    2             @PSTRINGR_1462
1    310   0    4    770  6.9  get_det_read
0     10   0    0    770  6.9  @const2335
1     34   0    2     59  1.9  parse_temp
1    492   0   11    874  8.8  det_temp
0     56   0    0    874  8.8  @const2345
0     54   0    0    874  8.8  @const2346
1    394   0   15    663  6.2  temp_probe
1    414   0   17   1030  6.9  probe_read
1     76   0    2    383  4.2  set_heaters
1     40   0    0    383  4.2  @goto36706
0    156   0   11    626  8.3  LED_SAR
0     86   0    3    253  5.5  set_LED
0    206   0    2    373  4.0  load_scanned_data
0     22   0    0    373  4.0  @const2376
1    622   1    9    684  4.0  read_colorimeter
1    188   0    5    355  4.7  DAC_set_test
0     14   0    0    355  4.7  @const2390
1    140   0    3    276  4.0  set_LED_test
0     12   0    0    276  4.0  @const2394
0     34   0    3     99  3.3  init_valve_status
0     26   0    0     70  2.3  init_aws
0    650   1    2    947  4.3  display_valve_status
0      6   0    0    947  4.3  @const2400
0      6   0    0             @const2403
0      6   0    0             @const2406
0      6   0    0             @const2409
1    182   0    2    163  2.5  sol_switch_cmd
0     20   0    0    163  2.5  @const2414
0      8   0    0    163  2.5  @const2415
0     52   0    4             @PSTRINGCN_9600_31793_31794
1    186   0    9             @PRINTF_LU_9600_31793_31794
0    206   0    1    255  2.7  sol_chip_cmd
0     18   0    0    255  2.7  @const2422
0      8   0    0    255  2.7  @const2423
0      8   0    0             @const2424
0     48   0    3             @PSTRINGC_9600_31793_31794
1   1062   1    3   3750  6.9  sol_switch
1     98   0    0   3750  6.9  @goto37043
1    198   0    3    624  4.8  clear_data_arrays
1   1180   1   15   1731  6.8  calc_abs_NO3
0    102   0    0   1731  6.8  @const2466
0     66   0    5   1731  6.8  @FTOSD
1    534   1   13             @PRINTF_L32D_1462FPFPFR
0     14   0    0             @const2472
1   1192   1   15   1731  6.8  calc_abs_NO2
0    102   0    0   1731  6.8  @const2478
0     14   0    0   1731  6.8  @const2479
1   1194   1   15   1731  6.8  calc_abs_PO4
0    102   0    0   1731  6.8  @const2485
0     14   0    0   1731  6.8  @const2486
1   1194   1   15   1731  6.8  calc_abs_NH4
0    102   0    0   1731  6.8  @const2492
0     14   0    0   1731  6.8  @const2493
1   1194   1   15   1731  6.8  calc_abs_SiO
0    102   0    0   1731  6.8  @const2499
0     14   0    0   1731  6.8  @const2500
1    100   0    2    238  3.5  calc_abs_data
0     28   0    0    238  3.5  @const2501
0     22   0    0    238  3.5  @const2502
0     20   0    0    264  4.4  @const2504
0     14   0    0    264  4.4  @const2505
0     14   0    0             @const2506
0     20   0    0    264  4.4  @const2508
0     14   0    0    264  4.4  @const2509
0     14   0    0             @const2510
0     20   0    0    264  4.4  @const2512
0     14   0    0    264  4.4  @const2513
0     14   0    0             @const2514
0     20   0    0    264  4.4  @const2516
0     14   0    0    264  4.4  @const2517
0     14   0    0             @const2518
0     18   0    0    196  3.4  @const2521
1    272   0    0    538  3.3  store_rel_data
0    450   0   36    796  3.9  store_wms_data
0    258   0    9    796  3.9  @PRINTF_LD_1462
1    298   0   38    756  3.5  store_aws_data
0     36   0    1     50  1.5  bus_on
0     22   0    0     50  1.5  bus_off
1    166   0    5    428  6.1  get_arg_string
1    158   0    3    588  8.1  get_arg
1    488   0    3    592  6.3  check_macro
1     76   0    3    323  5.5  get_cmd
1    110   0   10    206  4.7  write_macro_line
1    322   0   12    579  8.2  write_macro_line_string
0     36   0    0    579  8.2  @const2579
1    380   0    0   1142  2.0  write_blank_macros
1     66   0    1    228  4.1  macro_comment
1    174   0    9    648  5.2  get_macro_line
1    310   0    8    728  5.6  upload_macro
0      4   0    0    728  5.6  @const2598
0     40   0    0             @const2599
0     28   0    0             @const2600
0     24   0    0             @const2601
1    180   0   10    294  5.0  read_macro_line
1    180   0   10    294  5.0  read_macro_line_silent
1    186   0   12    457  7.2  read_macro_line_string
1    102   0    5    345  6.0  read_macro
0     54   0    5    102  3.2  delay_sec
0     56   0    3    119  3.8  step_err_status
1     66   0    0    160  3.5  get_reading
1     58   0    3    187  4.0  set_heat
1     64   0    3    187  4.0  set_light
1    856   1   13   3804  9.1  play_macro_line2
1    184   0    0   3804  9.1  @goto38253
1   2028   2   28   8676 11.6  play_macro_line
0     24   0    0   8676 11.6  @const2664
1    184   0    0             @goto38357
1    824   1    8   1639  8.9  play_macro
0     20   0    0   1639  8.9  @const2671
0     16   0    0   1639  8.9  @const2672
0      8   0    0             @const2673
0      8   0    0             @const2674
0      8   0    0             @const2675
0      8   0    0             @const2676
0      8   0    0             @const2677
0      8   0    0             @const2678
0      8   0    0             @const2679
1     46   0    0             @goto38489
0     34   0    0             @const2681
1    662   1    8   1595 11.9  master_macro_eco
0     18   0    0   1595 11.9  @const2689
0     24   0    0   1595 11.9  @const2690
0    382   0    4   1478  6.4  play_wms_macro_cmd
0    482   0    3   1570  8.7  play_wms_hard_macro
0      8   0    0   1570  8.7  @const2699
0      8   0    0   1570  8.7  @const2700
0      8   0    0             @const2701
0      8   0    0             @const2702
0      8   0    0             @const2703
0      8   0    0             @const2704
0     44   0    0             @goto38655
1    504   1   14   1449  8.5  master_macro_wms
1    388   0   11   1130  8.5  master_macro_aws
1    546   1    1   1229  5.8  auto_sample_eco
0     34   0    0   1229  5.8  @const2722
0     36   0    0   1229  5.8  @const2723
0     34   0    0             @const2724
0     40   0    0             @const2725
1    488   0    1   1235  7.7  auto_sample_wms
0     34   0    0   1235  7.7  @const2729
0     36   0    0             @const2730
1    470   0    1    974  5.7  auto_sample_aws
0     34   0    0    974  5.7  @const2734
0     36   0    0             @const2735
0     40   0    0             @const2736
1    514   1    1   1040  5.9  auto_sample_ready
0     26   0    0   1040  5.9  @const2738
0     38   0    0   1040  5.9  @const2739
0     38   0    0             @const2740
0     22   0    0             @const2741
0     48   0    0     83  3.5  command_addr
0    276   0    0    401  7.2  commandAe
0     16   0    0    401  7.2  @const2744
0     56   0    0     92  3.2  commandAw
0     46   0    0     98  2.6  commandA
0    170   0    0    201  4.6  commandBe
0     12   0    0    201  4.6  @const2747
0     38   0    1     96  2.9  commandBw
0     46   0    0     98  2.6  commandB
0   1352   1    0   1987  4.9  commandCe
0     18   0    0   1987  4.9  @const2751
0    512   1   13   1987  4.9  @PRINTF_L32D_19200_31766_31767FPFPFR
0     18   0    0             @const2755
0     18   0    0             @const2756
0     20   0    0             @const2757
0      8   0    0             @const2758
0      8   0    0             @const2760
0      8   0    0             @const2762
0      8   0    0             @const2764
0      8   0    0             @const2766
0      8   0    0             @const2768
0     10   0    0             @const2770
0     10   0    0             @const2772
0    106   0    2    233  5.0  commandCw
0     54   0    1    120  3.8  commandCa
0     62   0    0    135  2.8  commandC
0    158   0    0    274  3.6  commandD
0    278   0    1    478  5.5  commandE
0     60   0    0    478  5.5  @const2778
0     16   0    0    478  5.5  @const2780
0     22   0    0             @const2781
0     68   0    0             @const2782
0     16   0    0             @const2783
0     22   0    0             @const2784
0     32   0    0     54  2.0  commandF
0    144   0    0    434  6.0  commandG
0   1060   1    2    670  3.8  commandHe
0     40   0    0    670  3.8  @const2787
0    252   0   13    670  3.8  @PRINTF_L32U_19200_31766_31767FP
0     24   0    0             @const2791
0     38   0    0             @const2792
0     38   0    0             @const2793
0    734   1    2    450  3.7  commandHw
0     34   0    0    450  3.7  @const2796
0     24   0    0    450  3.7  @const2797
0     38   0    0             @const2798
0    620   1    2    428  3.7  commandHa
0     28   0    0    428  3.7  @const2801
0     16   0    0    428  3.7  @const2802
0     38   0    0             @const2803
0     64   0    0    135  2.8  commandH
0     76   0    0    116  4.2  commandI
0     58   0    0     92  3.2  commandJ
0     54   0    0    106  3.6  commandK
1    208   0    2    352  6.4  commandLe
1     60   0    0    116  4.2  commandLw
1     46   0    0     98  2.6  commandL
1    286   0    4    944  8.7  commandM
1    142   0    0    272  5.0  commandN
1     36   0    0     80  2.3  commandO
1    238   0    2    458  7.5  commandPe
1     56   0    0     92  3.2  commandPa
1     60   0    0    135  2.8  commandP
1     58   0    1    147  3.4  commandQa
1     72   0    0    116  4.2  commandQw
1     48   0    0     98  2.6  commandQ
1    226   0    7    481  6.5  commandRe
0     14   0    0    481  6.5  @const2816
1     96   0    4    269  5.5  commandRw
1    292   0    7    595  7.0  commandRa
0     14   0    0    595  7.0  @const2825
1     60   0    0    135  2.8  commandR
1    128   0    0    362  6.0  commandSe
1     60   0    0     92  3.2  commandSw
1     52   0    2     96  2.9  commandSa
1     60   0    0    135  2.8  commandS
1    146   0    0    439  5.5  commandT
0     44   0    0    439  5.5  @const2830
0      8   0    0    439  5.5  @const2831
0     42   0    3             @PSTRINGC_1
1     62   0    1    147  3.4  commandU
1     38   0    1     96  2.9  commandV
1     36   0    0     80  2.3  commandW
1    104   0    0    200  4.3  commandX
0      8   0    0    134  3.1  @const2837
0      8   0    0    134  3.1  @const2838
1    264   0    0    980  4.8  commandY
1     36   0    0     80  2.3  commandZ
1     28   0    0     50  2.0  command_a
1    154   0    2    240  5.8  command_b
1     72   0    0    255  3.2  command_c
1    150   0    2    240  5.8  command_d
1    154   0    2    240  5.8  command_e
1     32   0    0     57  2.5  command_f
1    154   0    2    240  5.8  command_g
1    212   0    6    379  7.9  command_h
1    220   0    4    259  6.3  command_i
1    154   0    2    240  5.8  command_j
1    150   0    2    240  5.8  command_k
1    150   0    2    240  5.8  command_m
1    150   0    2    240  5.8  command_n
1    154   0    2    240  5.8  command_o
1    154   0    2    240  5.8  command_p
1     28   0    0     66  2.6  command_q
1     90   0    0    220  4.3  command_r
1    270   0    6    338  6.9  command_s
1    150   0    2    240  5.8  command_t
1    348   0    0   1353  3.4  command_v
1    212   0    6    379  7.9  command_w
1    154   0    2    240  5.8  command_x
1    150   0    2    240  5.8  command_y
1     56   0    0    132  3.6  command_u
1    118   0    0    281  6.8  command_z
1   3168   3    8   4569  6.4  step_var_list
0     12   0    0   4569  6.4  @const2869
0     12   0    0             @const2891
0     74   0    0     84  2.4  command_star
0    272   0    0    584  4.2  command_prod
0     16   0    0    584  4.2  @const2915
0     22   0    0    584  4.2  @const2916
0     16   0    0             @const2917
0     22   0    0             @const2918
0     60   0    0    154  3.2  command_hash
0    162   0    0    275  3.5  commandFW
0     10   0    0    275  3.5  @const2921
0     10   0    0             @const2923
0     38   0    0             @const2925
1     38   0    0     98  3.1  command_set
1    416   0    0   3754  5.3  select_cmd
1    208   0    0   3754  5.3  @goto40993
0      6   0    0    764  8.2  @const2933
0      6   0    0    764  8.2  @const2934
0      6   0    0    764  8.2  @const2939
0      6   0    0    764  8.2  @const2940
0    196   0    2    183  4.0  check_cmd
1     84   0    0    104  2.9  proc_cmd
0      8   0    0    104  2.9  @const2947
0      8   0    0    104  2.9  @const2948
0      6   0    0     65  2.3  @const2950
1    496   1   35   2095 10.4  command_prompt
0      6   0    0   2095 10.4  @const2956
0     18   0    0   2095 10.4  @const2957
0     40   0    0             @const2958
0      8   0    0             @const2961
0      6   0    0    491  4.6  @const2964
0     18   0    0    491  4.6  @const2965
1   1208   1    3   2539  8.8  main
0     10   0    0   2539  8.8  @const2971
0     16   0    0   2539  8.8  @const2972
0     16   0    0             @const2973
0     56   0    0             @const2974
0     28   0    0             @const2975
 Inline         0             @cinit1

Program metrics:
    Functions               472
    Statements              6595
    Comments                4399
    Volume (V)              964033
    Difficulty (D)          2620.0
    Effort to implement (E) 2525726016
    Time to implement (T)   38977 hours, 15 minutes
    Est Delivered Bugs (B)  618
    Cyclomatic Complexity   2310
    Maintainability (MI)    38

 Segment     Used  Free
-----------  ----  ----
00000-00006     4  4  
00008-00104   254  0  
00106-0FFFE  65270  4  
10000-1F7FE  47592  15896  
1F800-1F808     4  6  
1F80A-1FFFE  1686  352  



